Log file open, 04/17/20 17:09:37
LogWindows: Failed to load 'aqProf.dll' (GetLastError=126)
LogWindows: File 'aqProf.dll' does not exist
LogWindows: Failed to load 'VtuneApi.dll' (GetLastError=126)
LogWindows: File 'VtuneApi.dll' does not exist
LogWindows: Failed to load 'VtuneApi32e.dll' (GetLastError=126)
LogWindows: File 'VtuneApi32e.dll' does not exist
LogConsoleResponse: Display: Failed to find resolution value strings in scalability ini. Falling back to default.
LogInit: Display: Running engine for game: Knights
LogPlatformFile: Not using cached read wrapper
LogTaskGraph: Started task graph with 5 named threads and 11 total threads with 3 sets of task threads.
LogStats: Stats thread started at 0.329154
LogD3D11RHI: Loaded GFSDK_Aftermath_Lib.x64.dll
LogICUInternationalization: ICU TimeZone Detection - Raw Offset: -5:00, Platform Override: ''
LogPluginManager: Mounting plugin Paper2D
LogPluginManager: Mounting plugin AISupport
LogPluginManager: Mounting plugin LightPropagationVolume
LogPluginManager: Mounting plugin ActorLayerUtilities
LogPluginManager: Mounting plugin AnimationSharing
LogPluginManager: Mounting plugin CLionSourceCodeAccess
LogPluginManager: Mounting plugin CodeLiteSourceCodeAccess
LogPluginManager: Mounting plugin GitSourceControl
LogPluginManager: Mounting plugin KDevelopSourceCodeAccess
LogPluginManager: Mounting plugin NullSourceCodeAccess
LogPluginManager: Mounting plugin PerforceSourceControl
LogPluginManager: Mounting plugin PlasticSourceControl
LogPluginManager: Mounting plugin SubversionSourceControl
LogPluginManager: Mounting plugin UObjectPlugin
LogPluginManager: Mounting plugin VisualStudioCodeSourceCodeAccess
LogPluginManager: Mounting plugin VisualStudioSourceCodeAccess
LogPluginManager: Mounting plugin XCodeSourceCodeAccess
LogPluginManager: Mounting plugin AssetManagerEditor
LogPluginManager: Mounting plugin CryptoKeys
LogPluginManager: Mounting plugin CurveEditorTools
LogPluginManager: Mounting plugin DataValidation
LogPluginManager: Mounting plugin FacialAnimation
LogPluginManager: Mounting plugin GameplayTagsEditor
LogPluginManager: Mounting plugin MacGraphicsSwitching
LogPluginManager: Mounting plugin MaterialAnalyzer
LogPluginManager: Mounting plugin MobileLauncherProfileWizard
LogPluginManager: Mounting plugin PluginBrowser
LogPluginManager: Mounting plugin SpeedTreeImporter
LogPluginManager: Mounting plugin DatasmithContent
LogPluginManager: Mounting plugin VariantManagerContent
LogPluginManager: Mounting plugin AlembicImporter
LogPluginManager: Mounting plugin AutomationUtils
LogPluginManager: Mounting plugin BackChannel
LogPluginManager: Mounting plugin CharacterAI
LogPluginManager: Mounting plugin GeometryCache
LogPluginManager: Mounting plugin PlatformCrypto
LogPluginManager: Mounting plugin ProxyLODPlugin
LogPluginManager: Mounting plugin SkeletalReduction
LogPluginManager: Mounting plugin MagicLeap
LogPluginManager: Mounting plugin MagicLeapMedia
LogPluginManager: Mounting plugin MLSDK
LogPluginManager: Mounting plugin AndroidMedia
LogPluginManager: Mounting plugin AvfMedia
LogPluginManager: Mounting plugin ImgMedia
LogPluginManager: Mounting plugin MediaCompositing
LogPluginManager: Mounting plugin MediaPlayerEditor
LogPluginManager: Mounting plugin WebMMedia
LogPluginManager: Mounting plugin WmfMedia
LogPluginManager: Mounting plugin TcpMessaging
LogPluginManager: Mounting plugin UdpMessaging
LogPluginManager: Mounting plugin ActorSequence
LogPluginManager: Mounting plugin LevelSequenceEditor
LogPluginManager: Mounting plugin MatineeToLevelSequence
LogPluginManager: Mounting plugin NetcodeUnitTest
LogPluginManager: Mounting plugin NUTUnrealEngine4
LogPluginManager: Mounting plugin OnlineSubsystemGooglePlay
LogPluginManager: Mounting plugin OnlineSubsystemIOS
LogPluginManager: Mounting plugin OnlineSubsystem
LogPluginManager: Mounting plugin OnlineSubsystemNull
LogPluginManager: Mounting plugin OnlineSubsystemUtils
LogPluginManager: Mounting plugin LauncherChunkInstaller
LogPluginManager: Mounting plugin AndroidDeviceProfileSelector
LogPluginManager: Mounting plugin AndroidMoviePlayer
LogPluginManager: Mounting plugin AndroidPermission
LogPluginManager: Mounting plugin AppleImageUtils
LogPluginManager: Mounting plugin AppleMoviePlayer
LogPluginManager: Mounting plugin ArchVisCharacter
LogPluginManager: Mounting plugin AssetTags
LogPluginManager: Mounting plugin AudioCapture
LogPluginManager: Mounting plugin CableComponent
LogPluginManager: Mounting plugin CustomMeshComponent
LogPluginManager: Mounting plugin EditableMesh
LogPluginManager: Mounting plugin ExampleDeviceProfileSelector
LogPluginManager: Mounting plugin GoogleCloudMessaging
LogPluginManager: Mounting plugin IOSDeviceProfileSelector
LogPluginManager: Mounting plugin LinuxDeviceProfileSelector
LogPluginManager: Mounting plugin LocationServicesBPLibrary
LogPluginManager: Mounting plugin MobilePatchingUtils
LogPluginManager: Mounting plugin OculusVR
LogPluginManager: Mounting plugin PhysXVehicles
LogPluginManager: Mounting plugin PostSplashScreen
LogPluginManager: Mounting plugin ProceduralMeshComponent
LogPluginManager: Mounting plugin RuntimePhysXCooking
LogPluginManager: Mounting plugin SignificanceManager
LogPluginManager: Mounting plugin SteamVR
LogPluginManager: Mounting plugin WebMMoviePlayer
LogPluginManager: Mounting plugin WindowsMoviePlayer
LogPluginManager: Mounting plugin ScreenshotTools
LogInit: Using libcurl 7.55.1-DEV
LogInit:  - built for x86_64-pc-win32
LogInit:  - supports SSL with OpenSSL/1.1.1
LogInit:  - supports HTTP deflate (compression) using libz 1.2.8
LogInit:  - other features:
LogInit:      CURL_VERSION_SSL
LogInit:      CURL_VERSION_LIBZ
LogInit:      CURL_VERSION_IPV6
LogInit:      CURL_VERSION_ASYNCHDNS
LogInit:      CURL_VERSION_LARGEFILE
LogInit:      CURL_VERSION_IDN
LogInit:  CurlRequestOptions (configurable via config and command line):
LogInit:  - bVerifyPeer = true  - Libcurl will verify peer certificate
LogInit:  - bUseHttpProxy = false  - Libcurl will NOT use HTTP proxy
LogInit:  - bDontReuseConnections = false  - Libcurl will reuse connections
LogInit:  - MaxHostConnections = 16  - Libcurl will limit the number of connections to a host
LogInit:  - LocalHostAddr = Default
LogInit:  - BufferSize = 65536
LogOnline: OSS: Creating online subsystem instance for: NULL
LogInit: WinSock: version 1.1 (2.2), MaxSocks=32767, MaxUdp=65467
LogOnline: OSS: TryLoadSubsystemAndSetDefault: Loaded subsystem for module [NULL]
LogInit: Build: ++UE4+Release-4.24-CL-11590370
LogInit: Engine Version: 4.24.3-11590370+++UE4+Release-4.24
LogInit: Compatible Engine Version: 4.24.0-10570792+++UE4+Release-4.24
LogInit: Net CL: 10570792
LogInit: OS: Windows 10 (Release 1903) (), CPU: Intel(R) Core(TM) i7-6500U CPU @ 2.50GHz, GPU: Intel(R) HD Graphics 520
LogInit: Compiled (64-bit): Feb 24 2020 15:39:18
LogInit: Compiled with Visual C++: 19.16.27032.01
LogInit: Build Configuration: Development
LogInit: Branch Name: ++UE4+Release-4.24
LogInit: Command Line: 
LogInit: Base Directory: C:/Program Files/Epic Games/UE_4.24/Engine/Binaries/Win64/
LogInit: Installed Engine Build: 1
LogDevObjectVersion: Number of dev versions registered: 25
LogDevObjectVersion:   Dev-Blueprints (B0D832E4-1F89-4F0D-ACCF-7EB736FD4AA2): 10
LogDevObjectVersion:   Dev-Build (E1C64328-A22C-4D53-A36C-8E866417BD8C): 0
LogDevObjectVersion:   Dev-Core (375EC13C-06E4-48FB-B500-84F0262A717E): 3
LogDevObjectVersion:   Dev-Editor (E4B068ED-F494-42E9-A231-DA0B2E46BB41): 37
LogDevObjectVersion:   Dev-Framework (CFFC743F-43B0-4480-9391-14DF171D2073): 36
LogDevObjectVersion:   Dev-Mobile (B02B49B5-BB20-44E9-A304-32B752E40360): 2
LogDevObjectVersion:   Dev-Networking (A4E4105C-59A1-49B5-A7C5-40C4547EDFEE): 0
LogDevObjectVersion:   Dev-Online (39C831C9-5AE6-47DC-9A44-9C173E1C8E7C): 0
LogDevObjectVersion:   Dev-Physics (78F01B33-EBEA-4F98-B9B4-84EACCB95AA2): 2
LogDevObjectVersion:   Dev-Platform (6631380F-2D4D-43E0-8009-CF276956A95A): 0
LogDevObjectVersion:   Dev-Rendering (12F88B9F-8875-4AFC-A67C-D90C383ABD29): 36
LogDevObjectVersion:   Dev-Sequencer (7B5AE74C-D270-4C10-A958-57980B212A5A): 11
LogDevObjectVersion:   Dev-VR (D7296918-1DD6-4BDD-9DE2-64A83CC13884): 2
LogDevObjectVersion:   Dev-LoadTimes (C2A15278-BFE7-4AFE-6C17-90FF531DF755): 1
LogDevObjectVersion:   Private-Geometry (6EACA3D4-40EC-4CC1-B786-8BED09428FC5): 3
LogDevObjectVersion:   Dev-AnimPhys (29E575DD-E0A3-4627-9D10-D276232CDCEA): 17
LogDevObjectVersion:   Dev-Anim (AF43A65D-7FD3-4947-9873-3E8ED9C1BB05): 2
LogDevObjectVersion:   Dev-ReflectionCapture (6B266CEC-1EC7-4B8F-A30B-E4D90942FC07): 1
LogDevObjectVersion:   Dev-Automation (0DF73D61-A23F-47EA-B727-89E90C41499A): 1
LogDevObjectVersion:   FortniteMain (601D1886-AC64-4F84-AA16-D3DE0DEAC7D6): 31
LogDevObjectVersion:   Dev-Enterprise (9DFFBCD6-494F-0158-E221-12823C92A888): 8
LogDevObjectVersion:   Dev-Niagara (F2AED0AC-9AFE-416F-8664-AA7FFA26D6FC): 1
LogDevObjectVersion:   Dev-Destruction (174F1F0B-B4C6-45A5-B13F-2EE8D0FB917D): 9
LogDevObjectVersion:   Dev-Physics-Ext (35F94A83-E258-406C-A318-09F59610247C): 8
LogDevObjectVersion:   Dev-CineCamera (B2E18506-4273-CFC2-A54E-F4BB758BBA07): 1
LogInit: Presizing for max 25165824 objects, including 0 objects not considered by GC, pre-allocating 0 bytes for permanent pool.
LogInit: Object subsystem initialized
LogConfig: Setting CVar [[con.DebugEarlyDefault:1]]
LogConfig: Setting CVar [[r.setres:1280x720]]
[2020.04.17-21.09.38:680][  0]LogConfig: Setting CVar [[r.VSync:0]]
[2020.04.17-21.09.38:681][  0]LogConfig: Setting CVar [[r.RHICmdBypass:0]]
[2020.04.17-21.09.38:681][  0]LogConfig: Applying CVar settings from Section [/Script/Engine.RendererSettings] File [C:/Users/noahg/Downloads/Knights-20200324T145451Z-001/Knights/Saved/Config/Windows/Engine.ini]
[2020.04.17-21.09.38:681][  0]LogConfig: Setting CVar [[r.GPUCrashDebugging:0]]
[2020.04.17-21.09.38:681][  0]LogConfig: Applying CVar settings from Section [/Script/Engine.RendererOverrideSettings] File [C:/Users/noahg/Downloads/Knights-20200324T145451Z-001/Knights/Saved/Config/Windows/Engine.ini]
[2020.04.17-21.09.38:681][  0]LogConfig: Applying CVar settings from Section [/Script/Engine.StreamingSettings] File [C:/Users/noahg/Downloads/Knights-20200324T145451Z-001/Knights/Saved/Config/Windows/Engine.ini]
[2020.04.17-21.09.38:681][  0]LogConfig: Setting CVar [[s.MinBulkDataSizeForAsyncLoading:131072]]
[2020.04.17-21.09.38:681][  0]LogConfig: Setting CVar [[s.AsyncLoadingThreadEnabled:0]]
[2020.04.17-21.09.38:681][  0]LogConfig: Setting CVar [[s.EventDrivenLoaderEnabled:1]]
[2020.04.17-21.09.38:681][  0]LogConfig: Setting CVar [[s.WarnIfTimeLimitExceeded:0]]
[2020.04.17-21.09.38:681][  0]LogConfig: Setting CVar [[s.TimeLimitExceededMultiplier:1.5]]
[2020.04.17-21.09.38:681][  0]LogConfig: Setting CVar [[s.TimeLimitExceededMinTime:0.005]]
[2020.04.17-21.09.38:681][  0]LogConfig: Setting CVar [[s.UseBackgroundLevelStreaming:1]]
[2020.04.17-21.09.38:681][  0]LogConfig: Setting CVar [[s.PriorityAsyncLoadingExtraTime:15.0]]
[2020.04.17-21.09.38:681][  0]LogConfig: Setting CVar [[s.LevelStreamingActorsUpdateTimeLimit:5.0]]
[2020.04.17-21.09.38:681][  0]LogConfig: Setting CVar [[s.PriorityLevelStreamingActorsUpdateExtraTime:5.0]]
[2020.04.17-21.09.38:681][  0]LogConfig: Setting CVar [[s.LevelStreamingComponentsRegistrationGranularity:10]]
[2020.04.17-21.09.38:681][  0]LogConfig: Setting CVar [[s.UnregisterComponentsTimeLimit:1.0]]
[2020.04.17-21.09.38:681][  0]LogConfig: Setting CVar [[s.LevelStreamingComponentsUnregistrationGranularity:5]]
[2020.04.17-21.09.38:681][  0]LogConfig: Setting CVar [[s.FlushStreamingOnExit:1]]
[2020.04.17-21.09.38:682][  0]LogConfig: Applying CVar settings from Section [/Script/Engine.GarbageCollectionSettings] File [C:/Users/noahg/Downloads/Knights-20200324T145451Z-001/Knights/Saved/Config/Windows/Engine.ini]
[2020.04.17-21.09.38:682][  0]LogConfig: Setting CVar [[gc.MaxObjectsNotConsideredByGC:1]]
[2020.04.17-21.09.38:682][  0]LogConfig: Setting CVar [[gc.SizeOfPermanentObjectPool:0]]
[2020.04.17-21.09.38:682][  0]LogConfig: Setting CVar [[gc.FlushStreamingOnGC:0]]
[2020.04.17-21.09.38:682][  0]LogConfig: Setting CVar [[gc.NumRetriesBeforeForcingGC:10]]
[2020.04.17-21.09.38:683][  0]LogConfig: Setting CVar [[gc.AllowParallelGC:1]]
[2020.04.17-21.09.38:683][  0]LogConfig: Setting CVar [[gc.TimeBetweenPurgingPendingKillObjects:61.1]]
[2020.04.17-21.09.38:683][  0]LogConfig: Setting CVar [[gc.MaxObjectsInEditor:25165824]]
[2020.04.17-21.09.38:683][  0]LogConfig: Setting CVar [[gc.IncrementalBeginDestroyEnabled:1]]
[2020.04.17-21.09.38:683][  0]LogConfig: Setting CVar [[gc.CreateGCClusters:1]]
[2020.04.17-21.09.38:683][  0]LogConfig: Setting CVar [[gc.MinGCClusterSize:5]]
[2020.04.17-21.09.38:683][  0]LogConfig: Setting CVar [[gc.ActorClusteringEnabled:0]]
[2020.04.17-21.09.38:683][  0]LogConfig: Setting CVar [[gc.BlueprintClusteringEnabled:0]]
[2020.04.17-21.09.38:683][  0]LogConfig: Setting CVar [[gc.UseDisregardForGCOnDedicatedServers:0]]
[2020.04.17-21.09.38:683][  0]LogConfig: Applying CVar settings from Section [/Script/Engine.NetworkSettings] File [C:/Users/noahg/Downloads/Knights-20200324T145451Z-001/Knights/Saved/Config/Windows/Engine.ini]
[2020.04.17-21.09.38:683][  0]LogConfig: Applying CVar settings from Section [/Script/UnrealEd.CookerSettings] File [C:/Users/noahg/Downloads/Knights-20200324T145451Z-001/Knights/Saved/Config/Windows/Engine.ini]
[2020.04.17-21.09.38:691][  0]LogConfig: Applying CVar settings from Section [ViewDistanceQuality@3] File [C:/Users/noahg/Downloads/Knights-20200324T145451Z-001/Knights/Saved/Config/Windows/Scalability.ini]
[2020.04.17-21.09.38:691][  0]LogConfig: Setting CVar [[r.SkeletalMeshLODBias:0]]
[2020.04.17-21.09.38:691][  0]LogConfig: Setting CVar [[r.ViewDistanceScale:1.0]]
[2020.04.17-21.09.38:691][  0]LogConfig: Applying CVar settings from Section [AntiAliasingQuality@3] File [C:/Users/noahg/Downloads/Knights-20200324T145451Z-001/Knights/Saved/Config/Windows/Scalability.ini]
[2020.04.17-21.09.38:691][  0]LogConfig: Setting CVar [[r.PostProcessAAQuality:4]]
[2020.04.17-21.09.38:691][  0]LogConfig: Applying CVar settings from Section [ShadowQuality@3] File [C:/Users/noahg/Downloads/Knights-20200324T145451Z-001/Knights/Saved/Config/Windows/Scalability.ini]
[2020.04.17-21.09.38:692][  0]LogConfig: Setting CVar [[r.LightFunctionQuality:1]]
[2020.04.17-21.09.38:692][  0]LogConfig: Setting CVar [[r.ShadowQuality:5]]
[2020.04.17-21.09.38:693][  0]LogConfig: Setting CVar [[r.Shadow.CSM.MaxCascades:10]]
[2020.04.17-21.09.38:693][  0]LogConfig: Setting CVar [[r.Shadow.MaxResolution:2048]]
[2020.04.17-21.09.38:693][  0]LogConfig: Setting CVar [[r.Shadow.MaxCSMResolution:2048]]
[2020.04.17-21.09.38:693][  0]LogConfig: Setting CVar [[r.Shadow.RadiusThreshold:0.01]]
[2020.04.17-21.09.38:693][  0]LogConfig: Setting CVar [[r.Shadow.DistanceScale:1.0]]
[2020.04.17-21.09.38:693][  0]LogConfig: Setting CVar [[r.Shadow.CSM.TransitionScale:1.0]]
[2020.04.17-21.09.38:693][  0]LogConfig: Setting CVar [[r.Shadow.PreShadowResolutionFactor:1.0]]
[2020.04.17-21.09.38:693][  0]LogConfig: Setting CVar [[r.DistanceFieldShadowing:1]]
[2020.04.17-21.09.38:693][  0]LogConfig: Setting CVar [[r.DistanceFieldAO:1]]
[2020.04.17-21.09.38:693][  0]LogConfig: Setting CVar [[r.AOQuality:2]]
[2020.04.17-21.09.38:693][  0]LogConfig: Setting CVar [[r.VolumetricFog:1]]
[2020.04.17-21.09.38:693][  0]LogConfig: Setting CVar [[r.VolumetricFog.GridPixelSize:8]]
[2020.04.17-21.09.38:693][  0]LogConfig: Setting CVar [[r.VolumetricFog.GridSizeZ:128]]
[2020.04.17-21.09.38:693][  0]LogConfig: Setting CVar [[r.VolumetricFog.HistoryMissSupersampleCount:4]]
[2020.04.17-21.09.38:693][  0]LogConfig: Setting CVar [[r.LightMaxDrawDistanceScale:1]]
[2020.04.17-21.09.38:693][  0]LogConfig: Setting CVar [[r.CapsuleShadows:1]]
[2020.04.17-21.09.38:693][  0]LogConfig: Applying CVar settings from Section [PostProcessQuality@3] File [C:/Users/noahg/Downloads/Knights-20200324T145451Z-001/Knights/Saved/Config/Windows/Scalability.ini]
[2020.04.17-21.09.38:693][  0]LogConfig: Setting CVar [[r.MotionBlurQuality:4]]
[2020.04.17-21.09.38:693][  0]LogConfig: Setting CVar [[r.AmbientOcclusionMipLevelFactor:0.4]]
[2020.04.17-21.09.38:693][  0]LogConfig: Setting CVar [[r.AmbientOcclusionMaxQuality:100]]
[2020.04.17-21.09.38:693][  0]LogConfig: Setting CVar [[r.AmbientOcclusionLevels:-1]]
[2020.04.17-21.09.38:693][  0]LogConfig: Setting CVar [[r.AmbientOcclusionRadiusScale:1.0]]
[2020.04.17-21.09.38:693][  0]LogConfig: Setting CVar [[r.DepthOfFieldQuality:2]]
[2020.04.17-21.09.38:694][  0]LogConfig: Setting CVar [[r.RenderTargetPoolMin:400]]
[2020.04.17-21.09.38:694][  0]LogConfig: Setting CVar [[r.LensFlareQuality:2]]
[2020.04.17-21.09.38:694][  0]LogConfig: Setting CVar [[r.SceneColorFringeQuality:1]]
[2020.04.17-21.09.38:694][  0]LogConfig: Setting CVar [[r.EyeAdaptationQuality:2]]
[2020.04.17-21.09.38:694][  0]LogConfig: Setting CVar [[r.BloomQuality:5]]
[2020.04.17-21.09.38:694][  0]LogConfig: Setting CVar [[r.FastBlurThreshold:100]]
[2020.04.17-21.09.38:694][  0]LogConfig: Setting CVar [[r.Upscale.Quality:3]]
[2020.04.17-21.09.38:694][  0]LogConfig: Setting CVar [[r.Tonemapper.GrainQuantization:1]]
[2020.04.17-21.09.38:694][  0]LogConfig: Setting CVar [[r.LightShaftQuality:1]]
[2020.04.17-21.09.38:694][  0]LogConfig: Setting CVar [[r.Filter.SizeScale:1]]
[2020.04.17-21.09.38:694][  0]LogConfig: Setting CVar [[r.Tonemapper.Quality:5]]
[2020.04.17-21.09.38:694][  0]LogConfig: Setting CVar [[r.DOF.Gather.AccumulatorQuality:1        ; higher gathering accumulator quality]]
[2020.04.17-21.09.38:694][  0]LogConfig: Setting CVar [[r.DOF.Gather.PostfilterMethod:1          ; Median3x3 postfilering method]]
[2020.04.17-21.09.38:694][  0]LogConfig: Setting CVar [[r.DOF.Gather.EnableBokehSettings:0       ; no bokeh simulation when gathering]]
[2020.04.17-21.09.38:694][  0]LogConfig: Setting CVar [[r.DOF.Gather.RingCount:4                 ; medium number of samples when gathering]]
[2020.04.17-21.09.38:694][  0]LogConfig: Setting CVar [[r.DOF.Scatter.ForegroundCompositing:1    ; additive foreground scattering]]
[2020.04.17-21.09.38:694][  0]LogConfig: Setting CVar [[r.DOF.Scatter.BackgroundCompositing:2    ; additive background scattering]]
[2020.04.17-21.09.38:694][  0]LogConfig: Setting CVar [[r.DOF.Scatter.EnableBokehSettings:1      ; bokeh simulation when scattering]]
[2020.04.17-21.09.38:694][  0]LogConfig: Setting CVar [[r.DOF.Scatter.MaxSpriteRatio:0.1         ; only a maximum of 10% of scattered bokeh]]
[2020.04.17-21.09.38:694][  0]LogConfig: Setting CVar [[r.DOF.Recombine.Quality:1                ; cheap slight out of focus]]
[2020.04.17-21.09.38:694][  0]LogConfig: Setting CVar [[r.DOF.Recombine.EnableBokehSettings:0    ; no bokeh simulation on slight out of focus]]
[2020.04.17-21.09.38:694][  0]LogConfig: Setting CVar [[r.DOF.TemporalAAQuality:1                ; more stable temporal accumulation]]
[2020.04.17-21.09.38:694][  0]LogConfig: Setting CVar [[r.DOF.Kernel.MaxForegroundRadius:0.025]]
[2020.04.17-21.09.38:694][  0]LogConfig: Setting CVar [[r.DOF.Kernel.MaxBackgroundRadius:0.025]]
[2020.04.17-21.09.38:694][  0]LogConfig: Applying CVar settings from Section [TextureQuality@3] File [C:/Users/noahg/Downloads/Knights-20200324T145451Z-001/Knights/Saved/Config/Windows/Scalability.ini]
[2020.04.17-21.09.38:694][  0]LogConfig: Setting CVar [[r.Streaming.MipBias:0]]
[2020.04.17-21.09.38:695][  0]LogConfig: Setting CVar [[r.Streaming.AmortizeCPUToGPUCopy:0]]
[2020.04.17-21.09.38:695][  0]LogConfig: Setting CVar [[r.Streaming.MaxNumTexturesToStreamPerFrame:0]]
[2020.04.17-21.09.38:695][  0]LogConfig: Setting CVar [[r.Streaming.Boost:1]]
[2020.04.17-21.09.38:695][  0]LogConfig: Setting CVar [[r.MaxAnisotropy:8]]
[2020.04.17-21.09.38:695][  0]LogConfig: Setting CVar [[r.VT.MaxAnisotropy:8]]
[2020.04.17-21.09.38:695][  0]LogConfig: Setting CVar [[r.Streaming.LimitPoolSizeToVRAM:0]]
[2020.04.17-21.09.38:695][  0]LogConfig: Setting CVar [[r.Streaming.PoolSize:1000]]
[2020.04.17-21.09.38:695][  0]LogConfig: Setting CVar [[r.Streaming.MaxEffectiveScreenSize:0]]
[2020.04.17-21.09.38:695][  0]LogConfig: Applying CVar settings from Section [EffectsQuality@3] File [C:/Users/noahg/Downloads/Knights-20200324T145451Z-001/Knights/Saved/Config/Windows/Scalability.ini]
[2020.04.17-21.09.38:695][  0]LogConfig: Setting CVar [[r.TranslucencyLightingVolumeDim:64]]
[2020.04.17-21.09.38:695][  0]LogConfig: Setting CVar [[r.RefractionQuality:2]]
[2020.04.17-21.09.38:695][  0]LogConfig: Setting CVar [[r.SSR.Quality:3]]
[2020.04.17-21.09.38:695][  0]LogConfig: Setting CVar [[r.SSR.HalfResSceneColor:0]]
[2020.04.17-21.09.38:695][  0]LogConfig: Setting CVar [[r.SceneColorFormat:4]]
[2020.04.17-21.09.38:695][  0]LogConfig: Setting CVar [[r.DetailMode:2]]
[2020.04.17-21.09.38:695][  0]LogConfig: Setting CVar [[r.TranslucencyVolumeBlur:1]]
[2020.04.17-21.09.38:695][  0]LogConfig: Setting CVar [[r.MaterialQualityLevel:1 ; High quality]]
[2020.04.17-21.09.38:695][  0]LogConfig: Setting CVar [[r.SSS.Scale:1]]
[2020.04.17-21.09.38:695][  0]LogConfig: Setting CVar [[r.SSS.SampleSet:2]]
[2020.04.17-21.09.38:696][  0]LogConfig: Setting CVar [[r.SSS.Quality:1]]
[2020.04.17-21.09.38:696][  0]LogConfig: Setting CVar [[r.SSS.HalfRes:1]]
[2020.04.17-21.09.38:696][  0]LogConfig: Setting CVar [[r.SSGI.Quality:3]]
[2020.04.17-21.09.38:696][  0]LogConfig: Setting CVar [[r.EmitterSpawnRateScale:1.0]]
[2020.04.17-21.09.38:696][  0]LogConfig: Setting CVar [[r.ParticleLightQuality:2]]
[2020.04.17-21.09.38:696][  0]LogConfig: Setting CVar [[r.SkyAtmosphere.AerialPerspectiveLUT.FastApplyOnOpaque:1 ; Always have FastSkyLUT 1 in this case to avoid wrong sky]]
[2020.04.17-21.09.38:696][  0]LogConfig: Setting CVar [[r.SkyAtmosphere.AerialPerspectiveLUT.SampleCountPerSlice:1]]
[2020.04.17-21.09.38:696][  0]LogConfig: Setting CVar [[r.SkyAtmosphere.AerialPerspectiveLUT.DepthResolution:16.0]]
[2020.04.17-21.09.38:696][  0]LogConfig: Setting CVar [[r.SkyAtmosphere.FastSkyLUT:1]]
[2020.04.17-21.09.38:696][  0]LogConfig: Setting CVar [[r.SkyAtmosphere.FastSkyLUT.SampleCountMin:4.0]]
[2020.04.17-21.09.38:696][  0]LogConfig: Setting CVar [[r.SkyAtmosphere.FastSkyLUT.SampleCountMax:32.0]]
[2020.04.17-21.09.38:696][  0]LogConfig: Setting CVar [[r.SkyAtmosphere.SampleCountMin:4.0]]
[2020.04.17-21.09.38:697][  0]LogConfig: Setting CVar [[r.SkyAtmosphere.SampleCountMax:32.0]]
[2020.04.17-21.09.38:697][  0]LogConfig: Setting CVar [[r.SkyAtmosphere.TransmittanceLUT.UseSmallFormat:0]]
[2020.04.17-21.09.38:697][  0]LogConfig: Setting CVar [[r.SkyAtmosphere.TransmittanceLUT.SampleCount:10.0]]
[2020.04.17-21.09.38:697][  0]LogConfig: Setting CVar [[r.SkyAtmosphere.MultiScatteringLUT.SampleCount:15.0]]
[2020.04.17-21.09.38:698][  0]LogConfig: Applying CVar settings from Section [FoliageQuality@3] File [C:/Users/noahg/Downloads/Knights-20200324T145451Z-001/Knights/Saved/Config/Windows/Scalability.ini]
[2020.04.17-21.09.38:698][  0]LogConfig: Setting CVar [[foliage.DensityScale:1.0]]
[2020.04.17-21.09.38:698][  0]LogConfig: Setting CVar [[grass.DensityScale:1.0]]
[2020.04.17-21.09.38:698][  0]LogConfig: Applying CVar settings from Section [ShadingQuality@3] File [C:/Users/noahg/Downloads/Knights-20200324T145451Z-001/Knights/Saved/Config/Windows/Scalability.ini]
[2020.04.17-21.09.38:698][  0]LogConfig: Setting CVar [[r.HairStrands.SkyLighting.SampleCount:16]]
[2020.04.17-21.09.38:698][  0]LogConfig: Setting CVar [[r.HairStrands.SkyLighting.JitterIntegration:0]]
[2020.04.17-21.09.38:698][  0]LogConfig: Setting CVar [[r.HairStrands.SkyAO.SampleCount:16]]
[2020.04.17-21.09.38:698][  0]LogInit: Selected Device Profile: [Windows]
[2020.04.17-21.09.38:698][  0]LogInit: Applying CVar settings loaded from the selected device profile: [Windows]
[2020.04.17-21.09.38:710][  0]LogHAL: Display: Platform has ~ 8 GB [8466104320 / 8589934592 / 8], which maps to Default [LargestMinGB=32, LargerMinGB=12, DefaultMinGB=8, SmallerMinGB=6, SmallestMinGB=0)
[2020.04.17-21.09.38:710][  0]LogInit: Going up to parent DeviceProfile []
[2020.04.17-21.09.38:710][  0]LogConfig: Applying CVar settings from Section [ViewDistanceQuality@3] File [C:/Users/noahg/Downloads/Knights-20200324T145451Z-001/Knights/Saved/Config/Windows/Scalability.ini]
[2020.04.17-21.09.38:711][  0]LogConfig: Setting CVar [[r.SkeletalMeshLODBias:0]]
[2020.04.17-21.09.38:711][  0]LogConfig: Setting CVar [[r.ViewDistanceScale:1.0]]
[2020.04.17-21.09.38:711][  0]LogConfig: Applying CVar settings from Section [AntiAliasingQuality@3] File [C:/Users/noahg/Downloads/Knights-20200324T145451Z-001/Knights/Saved/Config/Windows/Scalability.ini]
[2020.04.17-21.09.38:711][  0]LogConfig: Setting CVar [[r.PostProcessAAQuality:4]]
[2020.04.17-21.09.38:711][  0]LogConfig: Applying CVar settings from Section [ShadowQuality@3] File [C:/Users/noahg/Downloads/Knights-20200324T145451Z-001/Knights/Saved/Config/Windows/Scalability.ini]
[2020.04.17-21.09.38:711][  0]LogConfig: Setting CVar [[r.LightFunctionQuality:1]]
[2020.04.17-21.09.38:711][  0]LogConfig: Setting CVar [[r.ShadowQuality:5]]
[2020.04.17-21.09.38:711][  0]LogConfig: Setting CVar [[r.Shadow.CSM.MaxCascades:10]]
[2020.04.17-21.09.38:711][  0]LogConfig: Setting CVar [[r.Shadow.MaxResolution:2048]]
[2020.04.17-21.09.38:711][  0]LogConfig: Setting CVar [[r.Shadow.MaxCSMResolution:2048]]
[2020.04.17-21.09.38:711][  0]LogConfig: Setting CVar [[r.Shadow.RadiusThreshold:0.01]]
[2020.04.17-21.09.38:711][  0]LogConfig: Setting CVar [[r.Shadow.DistanceScale:1.0]]
[2020.04.17-21.09.38:711][  0]LogConfig: Setting CVar [[r.Shadow.CSM.TransitionScale:1.0]]
[2020.04.17-21.09.38:711][  0]LogConfig: Setting CVar [[r.Shadow.PreShadowResolutionFactor:1.0]]
[2020.04.17-21.09.38:711][  0]LogConfig: Setting CVar [[r.DistanceFieldShadowing:1]]
[2020.04.17-21.09.38:711][  0]LogConfig: Setting CVar [[r.DistanceFieldAO:1]]
[2020.04.17-21.09.38:711][  0]LogConfig: Setting CVar [[r.AOQuality:2]]
[2020.04.17-21.09.38:711][  0]LogConfig: Setting CVar [[r.VolumetricFog:1]]
[2020.04.17-21.09.38:711][  0]LogConfig: Setting CVar [[r.VolumetricFog.GridPixelSize:8]]
[2020.04.17-21.09.38:711][  0]LogConfig: Setting CVar [[r.VolumetricFog.GridSizeZ:128]]
[2020.04.17-21.09.38:711][  0]LogConfig: Setting CVar [[r.VolumetricFog.HistoryMissSupersampleCount:4]]
[2020.04.17-21.09.38:711][  0]LogConfig: Setting CVar [[r.LightMaxDrawDistanceScale:1]]
[2020.04.17-21.09.38:711][  0]LogConfig: Setting CVar [[r.CapsuleShadows:1]]
[2020.04.17-21.09.38:711][  0]LogConfig: Applying CVar settings from Section [PostProcessQuality@3] File [C:/Users/noahg/Downloads/Knights-20200324T145451Z-001/Knights/Saved/Config/Windows/Scalability.ini]
[2020.04.17-21.09.38:712][  0]LogConfig: Setting CVar [[r.MotionBlurQuality:4]]
[2020.04.17-21.09.38:712][  0]LogConfig: Setting CVar [[r.AmbientOcclusionMipLevelFactor:0.4]]
[2020.04.17-21.09.38:712][  0]LogConfig: Setting CVar [[r.AmbientOcclusionMaxQuality:100]]
[2020.04.17-21.09.38:712][  0]LogConfig: Setting CVar [[r.AmbientOcclusionLevels:-1]]
[2020.04.17-21.09.38:712][  0]LogConfig: Setting CVar [[r.AmbientOcclusionRadiusScale:1.0]]
[2020.04.17-21.09.38:712][  0]LogConfig: Setting CVar [[r.DepthOfFieldQuality:2]]
[2020.04.17-21.09.38:712][  0]LogConfig: Setting CVar [[r.RenderTargetPoolMin:400]]
[2020.04.17-21.09.38:712][  0]LogConfig: Setting CVar [[r.LensFlareQuality:2]]
[2020.04.17-21.09.38:712][  0]LogConfig: Setting CVar [[r.SceneColorFringeQuality:1]]
[2020.04.17-21.09.38:712][  0]LogConfig: Setting CVar [[r.EyeAdaptationQuality:2]]
[2020.04.17-21.09.38:712][  0]LogConfig: Setting CVar [[r.BloomQuality:5]]
[2020.04.17-21.09.38:712][  0]LogConfig: Setting CVar [[r.FastBlurThreshold:100]]
[2020.04.17-21.09.38:712][  0]LogConfig: Setting CVar [[r.Upscale.Quality:3]]
[2020.04.17-21.09.38:712][  0]LogConfig: Setting CVar [[r.Tonemapper.GrainQuantization:1]]
[2020.04.17-21.09.38:712][  0]LogConfig: Setting CVar [[r.LightShaftQuality:1]]
[2020.04.17-21.09.38:712][  0]LogConfig: Setting CVar [[r.Filter.SizeScale:1]]
[2020.04.17-21.09.38:712][  0]LogConfig: Setting CVar [[r.Tonemapper.Quality:5]]
[2020.04.17-21.09.38:712][  0]LogConfig: Setting CVar [[r.DOF.Gather.AccumulatorQuality:1        ; higher gathering accumulator quality]]
[2020.04.17-21.09.38:712][  0]LogConfig: Setting CVar [[r.DOF.Gather.PostfilterMethod:1          ; Median3x3 postfilering method]]
[2020.04.17-21.09.38:712][  0]LogConfig: Setting CVar [[r.DOF.Gather.EnableBokehSettings:0       ; no bokeh simulation when gathering]]
[2020.04.17-21.09.38:712][  0]LogConfig: Setting CVar [[r.DOF.Gather.RingCount:4                 ; medium number of samples when gathering]]
[2020.04.17-21.09.38:712][  0]LogConfig: Setting CVar [[r.DOF.Scatter.ForegroundCompositing:1    ; additive foreground scattering]]
[2020.04.17-21.09.38:712][  0]LogConfig: Setting CVar [[r.DOF.Scatter.BackgroundCompositing:2    ; additive background scattering]]
[2020.04.17-21.09.38:712][  0]LogConfig: Setting CVar [[r.DOF.Scatter.EnableBokehSettings:1      ; bokeh simulation when scattering]]
[2020.04.17-21.09.38:712][  0]LogConfig: Setting CVar [[r.DOF.Scatter.MaxSpriteRatio:0.1         ; only a maximum of 10% of scattered bokeh]]
[2020.04.17-21.09.38:712][  0]LogConfig: Setting CVar [[r.DOF.Recombine.Quality:1                ; cheap slight out of focus]]
[2020.04.17-21.09.38:713][  0]LogConfig: Setting CVar [[r.DOF.Recombine.EnableBokehSettings:0    ; no bokeh simulation on slight out of focus]]
[2020.04.17-21.09.38:713][  0]LogConfig: Setting CVar [[r.DOF.TemporalAAQuality:1                ; more stable temporal accumulation]]
[2020.04.17-21.09.38:713][  0]LogConfig: Setting CVar [[r.DOF.Kernel.MaxForegroundRadius:0.025]]
[2020.04.17-21.09.38:713][  0]LogConfig: Setting CVar [[r.DOF.Kernel.MaxBackgroundRadius:0.025]]
[2020.04.17-21.09.38:713][  0]LogConfig: Applying CVar settings from Section [TextureQuality@3] File [C:/Users/noahg/Downloads/Knights-20200324T145451Z-001/Knights/Saved/Config/Windows/Scalability.ini]
[2020.04.17-21.09.38:713][  0]LogConfig: Setting CVar [[r.Streaming.MipBias:0]]
[2020.04.17-21.09.38:713][  0]LogConfig: Setting CVar [[r.Streaming.AmortizeCPUToGPUCopy:0]]
[2020.04.17-21.09.38:713][  0]LogConfig: Setting CVar [[r.Streaming.MaxNumTexturesToStreamPerFrame:0]]
[2020.04.17-21.09.38:713][  0]LogConfig: Setting CVar [[r.Streaming.Boost:1]]
[2020.04.17-21.09.38:713][  0]LogConfig: Setting CVar [[r.MaxAnisotropy:8]]
[2020.04.17-21.09.38:713][  0]LogConfig: Setting CVar [[r.VT.MaxAnisotropy:8]]
[2020.04.17-21.09.38:713][  0]LogConfig: Setting CVar [[r.Streaming.LimitPoolSizeToVRAM:0]]
[2020.04.17-21.09.38:713][  0]LogConfig: Setting CVar [[r.Streaming.PoolSize:1000]]
[2020.04.17-21.09.38:716][  0]LogConfig: Setting CVar [[r.Streaming.MaxEffectiveScreenSize:0]]
[2020.04.17-21.09.38:716][  0]LogConfig: Applying CVar settings from Section [EffectsQuality@3] File [C:/Users/noahg/Downloads/Knights-20200324T145451Z-001/Knights/Saved/Config/Windows/Scalability.ini]
[2020.04.17-21.09.38:716][  0]LogConfig: Setting CVar [[r.TranslucencyLightingVolumeDim:64]]
[2020.04.17-21.09.38:716][  0]LogConfig: Setting CVar [[r.RefractionQuality:2]]
[2020.04.17-21.09.38:716][  0]LogConfig: Setting CVar [[r.SSR.Quality:3]]
[2020.04.17-21.09.38:716][  0]LogConfig: Setting CVar [[r.SSR.HalfResSceneColor:0]]
[2020.04.17-21.09.38:716][  0]LogConfig: Setting CVar [[r.SceneColorFormat:4]]
[2020.04.17-21.09.38:716][  0]LogConfig: Setting CVar [[r.DetailMode:2]]
[2020.04.17-21.09.38:716][  0]LogConfig: Setting CVar [[r.TranslucencyVolumeBlur:1]]
[2020.04.17-21.09.38:716][  0]LogConfig: Setting CVar [[r.MaterialQualityLevel:1 ; High quality]]
[2020.04.17-21.09.38:716][  0]LogConfig: Setting CVar [[r.SSS.Scale:1]]
[2020.04.17-21.09.38:716][  0]LogConfig: Setting CVar [[r.SSS.SampleSet:2]]
[2020.04.17-21.09.38:716][  0]LogConfig: Setting CVar [[r.SSS.Quality:1]]
[2020.04.17-21.09.38:716][  0]LogConfig: Setting CVar [[r.SSS.HalfRes:1]]
[2020.04.17-21.09.38:716][  0]LogConfig: Setting CVar [[r.SSGI.Quality:3]]
[2020.04.17-21.09.38:716][  0]LogConfig: Setting CVar [[r.EmitterSpawnRateScale:1.0]]
[2020.04.17-21.09.38:716][  0]LogConfig: Setting CVar [[r.ParticleLightQuality:2]]
[2020.04.17-21.09.38:717][  0]LogConfig: Setting CVar [[r.SkyAtmosphere.AerialPerspectiveLUT.FastApplyOnOpaque:1 ; Always have FastSkyLUT 1 in this case to avoid wrong sky]]
[2020.04.17-21.09.38:717][  0]LogConfig: Setting CVar [[r.SkyAtmosphere.AerialPerspectiveLUT.SampleCountPerSlice:1]]
[2020.04.17-21.09.38:717][  0]LogConfig: Setting CVar [[r.SkyAtmosphere.AerialPerspectiveLUT.DepthResolution:16.0]]
[2020.04.17-21.09.38:717][  0]LogConfig: Setting CVar [[r.SkyAtmosphere.FastSkyLUT:1]]
[2020.04.17-21.09.38:717][  0]LogConfig: Setting CVar [[r.SkyAtmosphere.FastSkyLUT.SampleCountMin:4.0]]
[2020.04.17-21.09.38:717][  0]LogConfig: Setting CVar [[r.SkyAtmosphere.FastSkyLUT.SampleCountMax:32.0]]
[2020.04.17-21.09.38:717][  0]LogConfig: Setting CVar [[r.SkyAtmosphere.SampleCountMin:4.0]]
[2020.04.17-21.09.38:717][  0]LogConfig: Setting CVar [[r.SkyAtmosphere.SampleCountMax:32.0]]
[2020.04.17-21.09.38:717][  0]LogConfig: Setting CVar [[r.SkyAtmosphere.TransmittanceLUT.UseSmallFormat:0]]
[2020.04.17-21.09.38:717][  0]LogConfig: Setting CVar [[r.SkyAtmosphere.TransmittanceLUT.SampleCount:10.0]]
[2020.04.17-21.09.38:717][  0]LogConfig: Setting CVar [[r.SkyAtmosphere.MultiScatteringLUT.SampleCount:15.0]]
[2020.04.17-21.09.38:717][  0]LogConfig: Applying CVar settings from Section [FoliageQuality@3] File [C:/Users/noahg/Downloads/Knights-20200324T145451Z-001/Knights/Saved/Config/Windows/Scalability.ini]
[2020.04.17-21.09.38:717][  0]LogConfig: Setting CVar [[foliage.DensityScale:1.0]]
[2020.04.17-21.09.38:717][  0]LogConfig: Setting CVar [[grass.DensityScale:1.0]]
[2020.04.17-21.09.38:717][  0]LogConfig: Applying CVar settings from Section [ShadingQuality@3] File [C:/Users/noahg/Downloads/Knights-20200324T145451Z-001/Knights/Saved/Config/Windows/Scalability.ini]
[2020.04.17-21.09.38:717][  0]LogConfig: Setting CVar [[r.HairStrands.SkyLighting.SampleCount:16]]
[2020.04.17-21.09.38:717][  0]LogConfig: Setting CVar [[r.HairStrands.SkyLighting.JitterIntegration:0]]
[2020.04.17-21.09.38:717][  0]LogConfig: Setting CVar [[r.HairStrands.SkyAO.SampleCount:16]]
[2020.04.17-21.09.38:717][  0]LogConfig: Applying CVar settings from Section [Startup] File [../../../Engine/Config/ConsoleVariables.ini]
[2020.04.17-21.09.38:718][  0]LogConfig: Setting CVar [[net.UseAdaptiveNetUpdateFrequency:0]]
[2020.04.17-21.09.38:718][  0]LogConfig: Setting CVar [[p.chaos.AllowCreatePhysxBodies:1]]
[2020.04.17-21.09.38:718][  0]LogConfig: Applying CVar settings from Section [ConsoleVariables] File [C:/Users/noahg/Downloads/Knights-20200324T145451Z-001/Knights/Saved/Config/Windows/Engine.ini]
[2020.04.17-21.09.38:719][  0]LogInit: Computer: DESKTOP-CTPEVFC
[2020.04.17-21.09.38:719][  0]LogInit: User: noahg
[2020.04.17-21.09.38:719][  0]LogInit: CPU Page size=4096, Cores=2
[2020.04.17-21.09.38:719][  0]LogInit: High frequency timer resolution =10.000000 MHz
[2020.04.17-21.09.38:719][  0]LogMemory: Memory total: Physical=7.9GB (8GB approx)
[2020.04.17-21.09.38:719][  0]LogMemory: Platform Memory Stats for Windows
[2020.04.17-21.09.38:719][  0]LogMemory: Process Physical Memory: 104.53 MB used, 104.53 MB peak
[2020.04.17-21.09.38:719][  0]LogMemory: Process Virtual Memory: 99.41 MB used, 99.41 MB peak
[2020.04.17-21.09.38:719][  0]LogMemory: Physical Memory: 6559.60 MB used,  1514.31 MB free, 8073.91 MB total
[2020.04.17-21.09.38:719][  0]LogMemory: Virtual Memory: 5117.17 MB used,  134212608.00 MB free, 134217728.00 MB total
[2020.04.17-21.09.38:732][  0]LogWindows: WindowsPlatformFeatures enabled
[2020.04.17-21.09.38:810][  0]LogInit: Using OS detected language (en-US).
[2020.04.17-21.09.38:810][  0]LogInit: Using OS detected locale (en-US).
[2020.04.17-21.09.38:812][  0]LogTextLocalizationManager: No specific localization for 'en-US' exists, so the 'en' localization will be used.
[2020.04.17-21.09.39:485][  0]LogInit: Setting process to per monitor DPI aware
[2020.04.17-21.09.39:564][  0]LogSlate: New Slate User Created.  User Index 0, Is Virtual User: 0
[2020.04.17-21.09.39:564][  0]LogSlate: Slate User Registered.  User Index 0, Is Virtual User: 0
[2020.04.17-21.09.40:128][  0]LogHMD: Failed to initialize OpenVR with code 110
[2020.04.17-21.09.40:128][  0]LogD3D11RHI: D3D11 min allowed feature level: 11_0
[2020.04.17-21.09.40:128][  0]LogD3D11RHI: D3D11 max allowed feature level: 11_0
[2020.04.17-21.09.40:128][  0]LogD3D11RHI: D3D11 adapters:
[2020.04.17-21.09.40:150][  0]LogD3D11RHI:    0. 'Intel(R) HD Graphics 520' (Feature Level 11_0)
[2020.04.17-21.09.40:150][  0]LogD3D11RHI:       128/0/4036 MB DedicatedVideo/DedicatedSystem/SharedSystem, Outputs:1, VendorId:0x8086
[2020.04.17-21.09.40:157][  0]LogD3D11RHI:    1. 'Microsoft Basic Render Driver' (Feature Level 11_0)
[2020.04.17-21.09.40:157][  0]LogD3D11RHI:       0/0/4036 MB DedicatedVideo/DedicatedSystem/SharedSystem, Outputs:0, VendorId:0x1414
[2020.04.17-21.09.40:157][  0]LogD3D11RHI: Chosen D3D11 Adapter: 0
[2020.04.17-21.09.40:173][  0]LogD3D11RHI: Creating new Direct3DDevice
[2020.04.17-21.09.40:173][  0]LogD3D11RHI:     GPU DeviceId: 0x1916 (for the marketing name, search the web for "GPU Device Id")
[2020.04.17-21.09.40:173][  0]LogWindows: EnumDisplayDevices:
[2020.04.17-21.09.40:174][  0]LogWindows:    0. 'Intel(R) HD Graphics 520' (P:1 D:1)
[2020.04.17-21.09.40:174][  0]LogWindows:    1. 'Intel(R) HD Graphics 520' (P:0 D:0)
[2020.04.17-21.09.40:177][  0]LogWindows:    2. 'Intel(R) HD Graphics 520' (P:0 D:0)
[2020.04.17-21.09.40:180][  0]LogWindows: DebugString: FoundDriverCount:3 
[2020.04.17-21.09.40:180][  0]LogD3D11RHI:     Adapter Name: Intel(R) HD Graphics 520
[2020.04.17-21.09.40:180][  0]LogD3D11RHI:   Driver Version: 22.20.16.4691 (internal:22.20.16.4691, unified:22.20.16.4691)
[2020.04.17-21.09.40:180][  0]LogD3D11RHI:      Driver Date: 6-2-2017
[2020.04.17-21.09.40:180][  0]LogRHI: Texture pool is 1502 MB (70% of 2146 MB)
[2020.04.17-21.09.40:203][  0]LogD3D11RHI: RHI does not have support for 64 bit atomics
[2020.04.17-21.09.40:203][  0]LogD3D11RHI: Async texture creation enabled
[2020.04.17-21.09.40:227][  0]LogD3D11RHI: GPU Timing Frequency: 12.000000 (Debug: 2 0)
[2020.04.17-21.09.41:592][  0]LogTargetPlatformManager: Display: Loaded TargetPlatform 'AllDesktop'
[2020.04.17-21.09.41:667][  0]LogTargetPlatformManager: Display: Loaded TargetPlatform 'Android'
[2020.04.17-21.09.41:667][  0]LogTargetPlatformManager: Display: Loaded TargetPlatform 'Android_ASTC'
[2020.04.17-21.09.41:667][  0]LogTargetPlatformManager: Display: Loaded TargetPlatform 'Android_ATC'
[2020.04.17-21.09.41:667][  0]LogTargetPlatformManager: Display: Loaded TargetPlatform 'Android_DXT'
[2020.04.17-21.09.41:667][  0]LogTargetPlatformManager: Display: Loaded TargetPlatform 'Android_ETC1'
[2020.04.17-21.09.41:667][  0]LogTargetPlatformManager: Display: Loaded TargetPlatform 'Android_ETC1a'
[2020.04.17-21.09.41:667][  0]LogTargetPlatformManager: Display: Loaded TargetPlatform 'Android_ETC2'
[2020.04.17-21.09.41:667][  0]LogTargetPlatformManager: Display: Loaded TargetPlatform 'Android_PVRTC'
[2020.04.17-21.09.41:667][  0]LogTargetPlatformManager: Display: Loaded TargetPlatform 'AndroidClient'
[2020.04.17-21.09.41:667][  0]LogTargetPlatformManager: Display: Loaded TargetPlatform 'Android_ASTCClient'
[2020.04.17-21.09.41:667][  0]LogTargetPlatformManager: Display: Loaded TargetPlatform 'Android_ATCClient'
[2020.04.17-21.09.41:667][  0]LogTargetPlatformManager: Display: Loaded TargetPlatform 'Android_DXTClient'
[2020.04.17-21.09.41:668][  0]LogTargetPlatformManager: Display: Loaded TargetPlatform 'Android_ETC1Client'
[2020.04.17-21.09.41:668][  0]LogTargetPlatformManager: Display: Loaded TargetPlatform 'Android_ETC1aClient'
[2020.04.17-21.09.41:668][  0]LogTargetPlatformManager: Display: Loaded TargetPlatform 'Android_ETC2Client'
[2020.04.17-21.09.41:668][  0]LogTargetPlatformManager: Display: Loaded TargetPlatform 'Android_PVRTCClient'
[2020.04.17-21.09.41:668][  0]LogTargetPlatformManager: Display: Loaded TargetPlatform 'Android_Multi'
[2020.04.17-21.09.41:668][  0]LogTargetPlatformManager: Display: Loaded TargetPlatform 'Android_MultiClient'
[2020.04.17-21.09.41:702][  0]LogTargetPlatformManager: Display: Loaded TargetPlatform 'IOSClient'
[2020.04.17-21.09.41:702][  0]LogTargetPlatformManager: Display: Loaded TargetPlatform 'IOS'
[2020.04.17-21.09.41:723][  0]LogTargetPlatformManager: Display: Loaded TargetPlatform 'LinuxNoEditor'
[2020.04.17-21.09.41:744][  0]LogTargetPlatformManager: Display: Loaded TargetPlatform 'LinuxClient'
[2020.04.17-21.09.41:763][  0]LogTargetPlatformManager: Display: Loaded TargetPlatform 'LinuxServer'
[2020.04.17-21.09.41:781][  0]LogTargetPlatformManager: Display: Loaded TargetPlatform 'LinuxAArch64NoEditor'
[2020.04.17-21.09.41:800][  0]LogTargetPlatformManager: Display: Loaded TargetPlatform 'LinuxAArch64Client'
[2020.04.17-21.09.41:817][  0]LogTargetPlatformManager: Display: Loaded TargetPlatform 'LinuxAArch64Server'
[2020.04.17-21.09.41:883][  0]LogTargetPlatformManager: Display: Loaded TargetPlatform 'Lumin'
[2020.04.17-21.09.41:883][  0]LogTargetPlatformManager: Display: Loaded TargetPlatform 'LuminClient'
[2020.04.17-21.09.41:918][  0]LogTargetPlatformManager: Display: Loaded TargetPlatform 'TVOSClient'
[2020.04.17-21.09.41:918][  0]LogTargetPlatformManager: Display: Loaded TargetPlatform 'TVOS'
[2020.04.17-21.09.41:949][  0]LogTargetPlatformManager: Display: Loaded TargetPlatform 'WindowsNoEditor'
[2020.04.17-21.09.41:974][  0]LogTargetPlatformManager: Display: Loaded TargetPlatform 'Windows'
[2020.04.17-21.09.42:000][  0]LogTargetPlatformManager: Display: Loaded TargetPlatform 'WindowsClient'
[2020.04.17-21.09.42:024][  0]LogTargetPlatformManager: Display: Loaded TargetPlatform 'WindowsServer'
[2020.04.17-21.09.42:024][  0]LogTargetPlatformManager: Display: Building Assets For Windows
[2020.04.17-21.09.42:050][  0]LogAudioDebug: Display: Lib vorbis DLL was dynamically loaded.
[2020.04.17-21.09.42:149][  0]LogShaderCompilers: Guid format shader working directory is -31 characters bigger than the processId version (../../../../../../Users/noahg/Downloads/Knights-20200324T145451Z-001/Knights/Intermediate/Shaders/WorkingDirectory/19584/).
[2020.04.17-21.09.42:150][  0]LogShaderCompilers: Cleaned the shader compiler working directory 'C:/Users/noahg/AppData/Local/Temp/UnrealShaderWorkingDir/C4306AB14C2C7B57F6898A807F75BB1D/'.
[2020.04.17-21.09.42:152][  0]LogXGEController: Cannot use XGE Controller as Incredibuild is not installed on this machine.
[2020.04.17-21.09.42:152][  0]LogShaderCompilers: Cannot use XGE Shader Compiler as Incredibuild is not installed on this machine.
[2020.04.17-21.09.42:152][  0]LogShaderCompilers: Display: Using Local Shader Compiler.
[2020.04.17-21.09.43:891][  0]LogDerivedDataCache: Display: Max Cache Size: 512 MB
[2020.04.17-21.09.44:045][  0]LogDerivedDataCache: Loaded boot cache 0.15s 78MB C:/Users/noahg/AppData/Local/UnrealEngine/4.24/DerivedDataCache/Boot.ddc.
[2020.04.17-21.09.44:045][  0]LogDerivedDataCache: Display: Loaded Boot cache: C:/Users/noahg/AppData/Local/UnrealEngine/4.24/DerivedDataCache/Boot.ddc
[2020.04.17-21.09.44:045][  0]LogDerivedDataCache: FDerivedDataBackendGraph:  Pak pak cache file ../../../../../../Users/noahg/Downloads/Knights-20200324T145451Z-001/Knights/DerivedDataCache/DDC.ddp not found, will not use a pak cache.
[2020.04.17-21.09.44:045][  0]LogDerivedDataCache: Unable to find inner node Pak for hierarchical cache Hierarchy.
[2020.04.17-21.09.44:046][  0]LogDerivedDataCache: FDerivedDataBackendGraph:  CompressedPak pak cache file ../../../../../../Users/noahg/Downloads/Knights-20200324T145451Z-001/Knights/DerivedDataCache/Compressed.ddp not found, will not use a pak cache.
[2020.04.17-21.09.44:046][  0]LogDerivedDataCache: Unable to find inner node CompressedPak for hierarchical cache Hierarchy.
[2020.04.17-21.09.44:075][  0]LogDerivedDataCache: Display: Pak cache opened for reading ../../../Engine/DerivedDataCache/Compressed.ddp.
[2020.04.17-21.09.44:075][  0]LogDerivedDataCache: FDerivedDataBackendGraph:  EnterprisePak pak cache file ../../../Enterprise/DerivedDataCache/Compressed.ddp not found, will not use a pak cache.
[2020.04.17-21.09.44:075][  0]LogDerivedDataCache: Unable to find inner node EnterprisePak for hierarchical cache Hierarchy.
[2020.04.17-21.09.44:080][  0]LogDerivedDataCache: Using Local data cache path C:/Users/noahg/AppData/Local/UnrealEngine/Common/DerivedDataCache: Writable
[2020.04.17-21.09.44:080][  0]LogDerivedDataCache: Shared data cache path not found in *engine.ini, will not use an Shared cache.
[2020.04.17-21.09.44:080][  0]LogDerivedDataCache: Unable to find inner node Shared for hierarchical cache Hierarchy.
[2020.04.17-21.09.44:164][  0]LogMaterial: Verifying Global Shaders for PCD3D_SM5
[2020.04.17-21.09.44:169][  0]LogSlate: Using FreeType 2.10.0
[2020.04.17-21.09.44:174][  0]LogSlate: SlateFontServices - WITH_FREETYPE: 1, WITH_HARFBUZZ: 1
[2020.04.17-21.09.44:334][  0]LogAssetRegistry: FAssetRegistry took 0.0055 seconds to start up
[2020.04.17-21.09.45:301][  0]LogInit: Selected Device Profile: [Windows]
[2020.04.17-21.09.45:732][  0]LogMeshReduction: Using QuadricMeshReduction for automatic static mesh reduction
[2020.04.17-21.09.45:732][  0]LogMeshReduction: Using SimplygonMeshReduction for automatic skeletal mesh reduction
[2020.04.17-21.09.45:732][  0]LogMeshReduction: Using ProxyLODMeshReduction for automatic mesh merging
[2020.04.17-21.09.45:733][  0]LogMeshReduction: No distributed automatic mesh merging module available
[2020.04.17-21.09.45:733][  0]LogMeshMerging: No distributed automatic mesh merging module available
[2020.04.17-21.09.45:758][  0]LogNetVersion: Knights 1.0.0, NetCL: 10570792, EngineNetVer: 13, GameNetVer: 0 (Checksum: 2688523341)
[2020.04.17-21.09.48:965][  0]LogPackageLocalizationCache: Processed 10 localized package path(s) for 1 prioritized culture(s) in 0.168101 seconds
[2020.04.17-21.09.48:981][  0]LogUObjectArray: 46750 objects as part of root set at end of initial load.
[2020.04.17-21.09.48:982][  0]LogUObjectAllocator: 8137160 out of 0 bytes used by permanent object pool.
[2020.04.17-21.09.48:982][  0]LogUObjectArray: CloseDisregardForGC: 0/0 objects in disregard for GC pool
[2020.04.17-21.09.50:218][  0]LogTcpMessaging: Initializing TcpMessaging bridge
[2020.04.17-21.09.50:232][  0]LogUdpMessaging: Initializing bridge on interface 0.0.0.0:0 to multicast group 230.0.0.1:6666.
[2020.04.17-21.09.50:411][  0]SourceControl: Source control is disabled
[2020.04.17-21.09.50:411][  0]SourceControl: Source control is disabled
[2020.04.17-21.09.50:414][  0]SourceControl: Source control is disabled
[2020.04.17-21.09.50:416][  0]SourceControl: Source control is disabled
[2020.04.17-21.09.50:418][  0]SourceControl: Source control is disabled
[2020.04.17-21.09.50:437][  0]LogVSAccessor: Display: Unable to create Visual Studio setup instance: 80040154
[2020.04.17-21.09.50:438][  0]LogVSAccessor: Display: Unable to create Visual Studio setup instance: 80040154
[2020.04.17-21.09.50:691][  0]LogAndroidPermission: UAndroidPermissionCallbackProxy::GetInstance
[2020.04.17-21.09.50:727][  0]LogAudioCaptureCore: Display: No Audio Capture implementations found. Audio input will be silent.
[2020.04.17-21.09.50:728][  0]LogAudioCaptureCore: Display: No Audio Capture implementations found. Audio input will be silent.
[2020.04.17-21.09.50:942][  0]LogOcInput: OculusInput pre-init called
[2020.04.17-21.09.50:966][  0]LogWindows: Failed to load 'OVRPlugin.dll' (GetLastError=126)
[2020.04.17-21.09.50:966][  0]LogWindows: File 'OVRPlugin.dll' does not exist
[2020.04.17-21.09.51:176][  0]LogEngine: Initializing Engine...
[2020.04.17-21.09.51:178][  0]LogHMD: Failed to initialize OpenVR with code 110
[2020.04.17-21.09.51:180][  0]LogStats: UGameplayTagsManager::InitializeManager -  0.001 s
[2020.04.17-21.09.52:205][  0]LogInit: Initializing FReadOnlyCVARCache
[2020.04.17-21.09.52:228][  0]LogAIModule: Creating AISystem for world Untitled
[2020.04.17-21.09.52:328][  0]LogAudioMixer: Display: Audio Mixer Platform Settings:
[2020.04.17-21.09.52:328][  0]LogAudioMixer: Display: 	Sample Rate:						  48000
[2020.04.17-21.09.52:328][  0]LogAudioMixer: Display: 	Callback Buffer Frame Size Requested: 1024
[2020.04.17-21.09.52:329][  0]LogAudioMixer: Display: 	Callback Buffer Frame Size To Use:	  1024
[2020.04.17-21.09.52:329][  0]LogAudioMixer: Display: 	Number of buffers to queue:			  2
[2020.04.17-21.09.52:329][  0]LogAudioMixer: Display: 	Max Channels (voices):				  32
[2020.04.17-21.09.52:329][  0]LogAudioMixer: Display: 	Number of Async Source Workers:		  0
[2020.04.17-21.09.52:329][  0]LogAudio: Display: AudioDevice MaxSources: 32
[2020.04.17-21.09.52:330][  0]LogAudio: Display: Using built-in audio occlusion.
[2020.04.17-21.09.52:330][  0]LogAudioMixer: Display: Initializing audio mixer.
[2020.04.17-21.09.52:395][  0]LogAudioMixer: Display: Audio Device Output Speaker Info:
[2020.04.17-21.09.52:395][  0]LogAudioMixer: Display: Name: Speakers (Realtek High Definition Audio)
[2020.04.17-21.09.52:395][  0]LogAudioMixer: Display: Is Default: Yes
[2020.04.17-21.09.52:395][  0]LogAudioMixer: Display: Sample Rate: 48000
[2020.04.17-21.09.52:395][  0]LogAudioMixer: Display: Channel Count Used: 2
[2020.04.17-21.09.52:395][  0]LogAudioMixer: Display: Device Channel Count: 2
[2020.04.17-21.09.52:395][  0]LogAudioMixer: Display: Channel Order:
[2020.04.17-21.09.52:395][  0]LogAudioMixer: Display: 0: FrontLeft
[2020.04.17-21.09.52:395][  0]LogAudioMixer: Display: 1: FrontRight
[2020.04.17-21.09.52:443][  0]LogAudioMixer: Display: Using Audio Device Speakers (Realtek High Definition Audio)
[2020.04.17-21.09.52:451][  0]LogInit: FAudioDevice initialized.
[2020.04.17-21.09.52:452][  0]LogNetVersion: Set ProjectVersion to 1.0.0.0. Version Checksum will be recalculated on next use.
[2020.04.17-21.09.52:628][  0]LogDerivedDataCache: Saved boot cache 0.17s 78MB C:/Users/noahg/AppData/Local/UnrealEngine/4.24/DerivedDataCache/Boot.ddc.
[2020.04.17-21.09.52:642][  0]LogInit: Texture streaming: Enabled
[2020.04.17-21.09.52:694][  0]LogEngineSessionManager: EngineSessionManager initialized
[2020.04.17-21.09.52:694][  0]LogEditorSessionSummary: Verbose: Initializing EditorSessionSummaryWriter for editor session tracking
[2020.04.17-21.09.52:705][  0]LogEditorSessionSummary: EditorSessionSummaryWriter initialized
[2020.04.17-21.09.52:881][  0]LogInit: Transaction tracking system initialized
[2020.04.17-21.09.52:902][  0]BlueprintLog: New page: Editor Load
[2020.04.17-21.09.53:006][  0]LocalizationService: Localization service is disabled
[2020.04.17-21.09.53:143][  0]LogVSAccessor: Display: Unable to create Visual Studio setup instance: 80040154
[2020.04.17-21.09.53:145][  0]LogVSAccessor: Display: Unable to create Visual Studio setup instance: 80040154
[2020.04.17-21.09.53:931][  0]LogFileCache: Scanning file cache for directory 'C:/Users/noahg/Downloads/Knights-20200324T145451Z-001/Knights/Content/' took 0.04s
[2020.04.17-21.09.53:931][  0]LogCook: Display: Max memory allowance for cook 16384mb min free memory 0mb
[2020.04.17-21.09.53:931][  0]LogCook: Display: Mobile HDR setting 1
[2020.04.17-21.09.55:951][  0]SourceControl: Source control is disabled
[2020.04.17-21.09.55:951][  0]Cmd: MAP LOAD FILE="../../../../../../Users/noahg/Downloads/Knights-20200324T145451Z-001/Knights/Content/PuzzleBP/Maps/PuzzleExampleMap.umap" TEMPLATE=0 SHOWPROGRESS=1 FEATURELEVEL=3
[2020.04.17-21.09.55:954][  0]LightingResults: New page: Lighting Build
[2020.04.17-21.09.55:958][  0]LogWorld: UWorld::CleanupWorld for Untitled, bSessionEnded=true, bCleanupResources=true
[2020.04.17-21.09.55:958][  0]LogSlate: InvalidateAllWidgets triggered.  All widgets were invalidated
[2020.04.17-21.09.55:958][  0]MapCheck: New page: Map Check
[2020.04.17-21.09.55:958][  0]LightingResults: New page: Lighting Build
[2020.04.17-21.09.56:009][  0]LogUObjectHash: Compacting FUObjectHashTables data took   3.23ms
[2020.04.17-21.10.02:466][  0]LogAIModule: Creating AISystem for world PuzzleExampleMap
[2020.04.17-21.10.03:150][  0]LogEditorServer: Finished looking for orphan Actors (0.000 secs)
[2020.04.17-21.10.03:337][  0]LogUObjectHash: Compacting FUObjectHashTables data took   5.86ms
[2020.04.17-21.10.03:348][  0]Cmd: MAP CHECKDEP NOCLEARLOG
[2020.04.17-21.10.03:349][  0]MapCheck: Map check complete: 0 Error(s), 0 Warning(s), took 0.627ms to complete.
[2020.04.17-21.10.03:349][  0]LogFileHelpers: Loading map 'PuzzleExampleMap' took 7.398
[2020.04.17-21.10.03:687][  0]LogSlate: Updating window title bar state: overlay mode, drag disabled, window buttons hidden, title bar hidden
[2020.04.17-21.10.03:727][  0]LogSlate: Updating window title bar state: overlay mode, drag disabled, window buttons hidden, title bar hidden
[2020.04.17-21.10.03:764][  0]LogSlate: Updating window title bar state: overlay mode, drag disabled, window buttons hidden, title bar hidden
[2020.04.17-21.10.03:787][  0]LogSlate: Updating window title bar state: overlay mode, drag disabled, window buttons hidden, title bar hidden
[2020.04.17-21.10.03:820][  0]LogCollectionManager: Loaded 0 collections in 0.006775 seconds
[2020.04.17-21.10.03:864][  0]LogFileCache: Scanning file cache for directory 'C:/Users/noahg/Downloads/Knights-20200324T145451Z-001/Knights/Saved/Collections/' took 0.00s
[2020.04.17-21.10.03:865][  0]LogFileCache: Scanning file cache for directory 'C:/Users/noahg/Downloads/Knights-20200324T145451Z-001/Knights/Content/Developers/noahg/Collections/' took 0.00s
[2020.04.17-21.10.03:865][  0]LogFileCache: Scanning file cache for directory 'C:/Users/noahg/Downloads/Knights-20200324T145451Z-001/Knights/Content/Collections/' took 0.00s
[2020.04.17-21.10.03:865][  0]LogContentBrowser: Native class hierarchy populated in 0.0217 seconds. Added 3015 classes and 717 folders.
[2020.04.17-21.10.03:878][  0]LogContentBrowser: Native class hierarchy updated for 'WidgetCarousel' in 0.0005 seconds. Added 0 classes and 0 folders.
[2020.04.17-21.10.05:126][  0]LogContentBrowser: Native class hierarchy updated for 'AddContentDialog' in 0.0005 seconds. Added 0 classes and 0 folders.
[2020.04.17-21.10.05:146][  0]LogContentBrowser: Native class hierarchy updated for 'SceneOutliner' in 0.0009 seconds. Added 2 classes and 3 folders.
[2020.04.17-21.10.05:551][  0]LogSlate: Took 0.000436 seconds to synchronously load lazily loaded font '../../../Engine/Content/Slate/Fonts/Roboto-Regular.ttf' (155K)
[2020.04.17-21.10.05:565][  0]LogSlate: Took 0.000336 seconds to synchronously load lazily loaded font '../../../Engine/Content/Slate/Fonts/Roboto-Bold.ttf' (160K)
[2020.04.17-21.10.05:608][  0]LogSlate: Took 0.031333 seconds to synchronously load lazily loaded font '../../../Engine/Content/Editor/Slate/Fonts/FontAwesome.ttf' (139K)
[2020.04.17-21.10.05:994][  0]LogRenderer: Reallocating scene render targets to support 1204x540 Format 10 NumSamples 1 (Frame:1).
[2020.04.17-21.10.09:915][  0]LogContentBrowser: Native class hierarchy updated for 'HierarchicalLODOutliner' in 0.0005 seconds. Added 0 classes and 0 folders.
[2020.04.17-21.10.09:915][  0]LogLoad: (Engine Initialization) Total time: 36.39 seconds
[2020.04.17-21.10.09:915][  0]LogLoad: (Engine Initialization) Total Blueprint compile time: 0.00 seconds
[2020.04.17-21.10.10:018][  0]LogContentStreaming: Texture pool size now 1000 MB
[2020.04.17-21.10.23:979][451]LogSlate: Took 0.015010 seconds to synchronously load lazily loaded font '../../../Engine/Content/Slate/Fonts/Roboto-Light.ttf' (167K)
[2020.04.17-21.10.30:383][669]LogAssetRegistry: Asset discovery search completed in 46.0504 seconds
[2020.04.17-21.10.30:419][669]LogCollectionManager: Fixed up redirectors for 0 collections in 0.000018 seconds (updated 0 objects)
[2020.04.17-21.10.52:634][687]LogSlate: Took 0.000565 seconds to synchronously load lazily loaded font '../../../Engine/Content/Slate/Fonts/Roboto-Light.ttf' (167K)
[2020.04.17-21.10.52:675][687]LogAssetEditorSubsystem: Opening Asset editor for World /Game/PuzzleBP/Maps/TitleScreen.TitleScreen
[2020.04.17-21.10.52:732][687]LogUObjectHash: Compacting FUObjectHashTables data took   3.35ms
[2020.04.17-21.10.56:242][687]LogSlate: Window 'Save Content' being destroyed
[2020.04.17-21.10.56:344][687]LogUObjectHash: Compacting FUObjectHashTables data took   1.06ms
[2020.04.17-21.10.56:362][687]LogSavePackage: Moving '../../../../../../Users/noahg/Downloads/Knights-20200324T145451Z-001/Knights/Saved/TitleScreenAE12835F4ED3A5EF863B41B07A293CA8.tmp' to '../../../../../../Users/noahg/Downloads/Knights-20200324T145451Z-001/Knights/Content/PuzzleBP/Maps/TitleScreen.umap'
[2020.04.17-21.10.56:381][687]LogFileHelpers: Saving map 'TitleScreen' took 0.082
[2020.04.17-21.10.56:388][687]Cmd: MAP LOAD FILE="../../../../../../Users/noahg/Downloads/Knights-20200324T145451Z-001/Knights/Content/PuzzleBP/Maps/TitleScreen.umap" TEMPLATE=0 SHOWPROGRESS=1 FEATURELEVEL=3
[2020.04.17-21.10.56:388][687]LightingResults: New page: Lighting Build
[2020.04.17-21.10.56:390][687]LoadErrors: New page: Loading map: TitleScreen.umap
[2020.04.17-21.10.56:403][687]LogWorld: UWorld::CleanupWorld for PuzzleExampleMap, bSessionEnded=true, bCleanupResources=true
[2020.04.17-21.10.56:404][687]LogSlate: InvalidateAllWidgets triggered.  All widgets were invalidated
[2020.04.17-21.10.56:405][687]MapCheck: New page: Map Check
[2020.04.17-21.10.56:405][687]LightingResults: New page: Lighting Build
[2020.04.17-21.10.56:493][687]LogUObjectHash: Compacting FUObjectHashTables data took   7.94ms
[2020.04.17-21.10.56:726][687]LogEditorServer: Finished looking for orphan Actors (0.000 secs)
[2020.04.17-21.10.56:727][687]LogAIModule: Creating AISystem for world TitleScreen
[2020.04.17-21.10.56:770][687]LogUObjectHash: Compacting FUObjectHashTables data took   2.63ms
[2020.04.17-21.10.56:812][687]Cmd: MAP CHECKDEP NOCLEARLOG
[2020.04.17-21.10.56:812][687]MapCheck: Map check complete: 0 Error(s), 0 Warning(s), took 0.231ms to complete.
[2020.04.17-21.10.56:812][687]LogFileHelpers: Loading map 'TitleScreen' took 0.431
[2020.04.17-21.10.56:878][687]AssetCheck: New page: Asset Save: TitleScreen
[2020.04.17-21.10.56:878][687]LogContentValidation: Display: Validating World /Game/PuzzleBP/Maps/TitleScreen.TitleScreen
[2020.04.17-21.10.59:211][757]LogEditorViewport: Clicking Background
[2020.04.17-21.11.17:679][435]LogRenderer: Reallocating scene render targets to support 1228x540 Format 10 NumSamples 1 (Frame:67).
[2020.04.17-21.11.19:644][465]LogAudioMixer: Display: Audio Buffer Underrun detected.
[2020.04.17-21.11.29:084][571]LogAudioMixer: Display: Audio Buffer Underrun detected.
[2020.04.17-21.11.31:070][602]LogAudioMixer: Display: Audio Buffer Underrun detected.
[2020.04.17-21.11.32:047][616]LogAudioMixer: Display: Audio Buffer Underrun detected.
[2020.04.17-21.11.48:213][947]LogEditorViewport: Clicking on Actor (context menu): PaperSpriteActor (Knights_Title_Art_Concept__2__Sprite)
[2020.04.17-21.11.48:418][947]LogEditorViewport: Clicking on Component (context menu): PaperSpriteComponent (RenderComponent)
[2020.04.17-21.12.09:580][121]LogAudioMixer: Display: Audio Buffer Underrun detected.
[2020.04.17-21.12.12:705][130]LogAudioMixer: Display: Audio Buffer Underrun detected.
[2020.04.17-21.12.13:036][131]LogAudioMixer: Display: Audio Buffer Underrun detected.
[2020.04.17-21.12.21:200][155]LogAudioMixer: Display: Audio Buffer Underrun detected.
[2020.04.17-21.12.21:541][156]LogAudioMixer: Display: Audio Buffer Underrun detected.
[2020.04.17-21.12.22:245][158]LogAudioMixer: Display: Audio Buffer Underrun detected.
[2020.04.17-21.13.52:930][398]LogEditorViewport: Clicking Background
[2020.04.17-21.13.57:755][668]LogEditorViewport: Clicking on Actor (LMB): PaperSpriteActor (Circle_Sprite_Sprite)
[2020.04.17-21.14.11:194][387]LogEditorViewport: Clicking on Actor (LMB): PaperSpriteActor (Knights_Title_Art_Concept__2__Sprite)
[2020.04.17-21.14.44:361][ 45]LogEditorViewport: Clicking Background
[2020.04.17-21.14.44:907][ 75]LogEditorViewport: Clicking on Actor (LMB): PaperSpriteActor (Circle_Sprite_Sprite)
[2020.04.17-21.14.49:008][287]LogEditorViewport: Clicking Background
[2020.04.17-21.14.49:753][329]LogEditorViewport: Clicking on Actor (LMB): PaperSpriteActor (Diamond_Sprite_Sprite)
[2020.04.17-21.14.56:600][708]LogEditorViewport: Clicking Background
[2020.04.17-21.15.19:660][888]LogEditorViewport: Clicking Background
[2020.04.17-21.16.09:014][485]LogEditorViewport: Clicking on Actor (LMB): PaperSpriteActor (tringleupsideupSprite_Sprite)
[2020.04.17-21.16.15:389][814]LogEditorViewport: Clicking Background
[2020.04.17-21.16.16:001][848]LogEditorViewport: Clicking on Actor (LMB): PaperSpriteActor (SquarreSprite_Sprite)
[2020.04.17-21.16.17:120][906]LogEditorViewport: Clicking on Actor (LMB): PaperSpriteActor (SquarreSprite_Sprite)
[2020.04.17-21.16.22:823][227]LogEditorViewport: Clicking Background
[2020.04.17-21.16.40:821][146]LogEditorViewport: Clicking on Actor (LMB): PaperSpriteActor (Diamond_Sprite_Sprite)
[2020.04.17-21.16.44:056][319]LogEditorViewport: Clicking Background
[2020.04.17-21.16.44:413][338]LogEditorViewport: Clicking on Actor (LMB): PaperSpriteActor (SquarreSprite_Sprite)
[2020.04.17-21.16.50:628][680]LogEditorViewport: Clicking on Actor (LMB): PaperSpriteActor (HexagonSprite_Sprite)
[2020.04.17-21.17.11:637][804]LogEditorViewport: Clicking Background
[2020.04.17-21.18.01:885][917]LogFactory: FactoryCreateFile: Texture with ReimportTextureFactory (0 0 ../../../../../../Users/noahg/Downloads/The Pieces.png)
[2020.04.17-21.18.01:915][917]LogTexture: Display: Building textures: The_Pieces (AutoDXT, 1200X900)
[2020.04.17-21.18.02:005][917]LogFactory: FactoryCreateFile: Texture with ReimportTextureFactory (0 0 ../../../../../../Users/noahg/Downloads/Return to Menu.png)
[2020.04.17-21.18.02:019][917]LogTexture: Display: Building textures: Return_to_Menu (AutoDXT, 1200X900)
[2020.04.17-21.18.02:119][917]LogFactory: FactoryCreateFile: Texture with ReimportTextureFactory (0 0 ../../../../../../Users/noahg/Downloads/Credits.png)
[2020.04.17-21.18.02:132][917]LogTexture: Display: Building textures: Credits (AutoDXT, 1200X900)
[2020.04.17-21.18.02:210][917]LogFactory: FactoryCreateFile: Texture with ReimportTextureFactory (0 0 ../../../../../../Users/noahg/Downloads/Undo png.png)
[2020.04.17-21.18.02:226][917]LogTexture: Display: Building textures: Undo_png (AutoDXT, 1200X900)
[2020.04.17-21.18.02:314][917]LogFactory: FactoryCreateFile: Texture with ReimportTextureFactory (0 0 ../../../../../../Users/noahg/Downloads/Switch FROM Chess TO Shogi Button.png)
[2020.04.17-21.18.02:334][917]LogTexture: Display: Building textures: Switch_FROM_Chess_TO_Shogi_Button (AutoDXT, 1000X1000)
[2020.04.17-21.19.39:640][514]Cmd: DELETE
[2020.04.17-21.19.39:640][514]Cmd: ACTOR DELETE
[2020.04.17-21.19.39:683][514]LogEditorActor: Deleted Actor: PaperSpriteActor
[2020.04.17-21.19.39:763][514]LogUObjectHash: Compacting FUObjectHashTables data took  10.74ms
[2020.04.17-21.19.39:778][514]LogEditorActor: Deleted 1 Actors (0.109 secs)
[2020.04.17-21.20.52:956][804]LogUObjectHash: Compacting FUObjectHashTables data took   1.00ms
[2020.04.17-21.20.53:058][804]LogSavePackage: Moving '../../../../../../Users/noahg/Downloads/Knights-20200324T145451Z-001/Knights/Saved/TitleScreen_Auto18975EF9A4548763A752C5491F3CD718E.tmp' to '../../../../../../Users/noahg/Downloads/Knights-20200324T145451Z-001/Knights/Saved/Autosaves/Game/PuzzleBP/Maps/TitleScreen_Auto1.umap'
[2020.04.17-21.20.53:077][804]LogFileHelpers: Editor autosave (incl. sublevels) for '/Game/PuzzleBP/Maps/TitleScreen' took 0.150
[2020.04.17-21.20.53:077][804]LogFileHelpers: Editor autosave (incl. sublevels) for all levels took 0.150
[2020.04.17-21.20.53:080][804]OBJ SavePackage: Generating thumbnails for [1] asset(s) in package [/Game/Materials/UIButtons/The_Pieces] ([1] browsable assets)...
[2020.04.17-21.20.53:092][804]OBJ SavePackage:     Rendered thumbnail for [Texture2D /Game/Materials/UIButtons/The_Pieces.The_Pieces]
[2020.04.17-21.20.53:092][804]OBJ SavePackage: Finished generating thumbnails for package [/Game/Materials/UIButtons/The_Pieces]
[2020.04.17-21.20.53:115][804]LogSavePackage: Moving '../../../../../../Users/noahg/Downloads/Knights-20200324T145451Z-001/Knights/Saved/The_Pieces_Auto1A939677440CAE0F36BB6E59C8B3C059A.tmp' to '../../../../../../Users/noahg/Downloads/Knights-20200324T145451Z-001/Knights/Saved/Autosaves/Game/Materials/UIButtons/The_Pieces_Auto1.uasset'
[2020.04.17-21.20.53:118][804]OBJ SavePackage: Generating thumbnails for [1] asset(s) in package [/Game/Materials/UIButtons/Return_to_Menu] ([1] browsable assets)...
[2020.04.17-21.20.53:127][804]OBJ SavePackage:     Rendered thumbnail for [Texture2D /Game/Materials/UIButtons/Return_to_Menu.Return_to_Menu]
[2020.04.17-21.20.53:127][804]OBJ SavePackage: Finished generating thumbnails for package [/Game/Materials/UIButtons/Return_to_Menu]
[2020.04.17-21.20.53:148][804]LogSavePackage: Moving '../../../../../../Users/noahg/Downloads/Knights-20200324T145451Z-001/Knights/Saved/Return_to_Menu_Auto166B197804F700DB4E3AE31B70FFAB3B5.tmp' to '../../../../../../Users/noahg/Downloads/Knights-20200324T145451Z-001/Knights/Saved/Autosaves/Game/Materials/UIButtons/Return_to_Menu_Auto1.uasset'
[2020.04.17-21.20.53:151][804]OBJ SavePackage: Generating thumbnails for [1] asset(s) in package [/Game/Materials/UIButtons/Credits] ([1] browsable assets)...
[2020.04.17-21.20.53:161][804]OBJ SavePackage:     Rendered thumbnail for [Texture2D /Game/Materials/UIButtons/Credits.Credits]
[2020.04.17-21.20.53:161][804]OBJ SavePackage: Finished generating thumbnails for package [/Game/Materials/UIButtons/Credits]
[2020.04.17-21.20.53:190][804]LogSavePackage: Moving '../../../../../../Users/noahg/Downloads/Knights-20200324T145451Z-001/Knights/Saved/Credits_Auto1F780765D4DBCD67D4506F199119C7BF2.tmp' to '../../../../../../Users/noahg/Downloads/Knights-20200324T145451Z-001/Knights/Saved/Autosaves/Game/Materials/UIButtons/Credits_Auto1.uasset'
[2020.04.17-21.20.53:196][804]OBJ SavePackage: Generating thumbnails for [1] asset(s) in package [/Game/Materials/UIButtons/Undo_png] ([1] browsable assets)...
[2020.04.17-21.20.53:210][804]OBJ SavePackage:     Rendered thumbnail for [Texture2D /Game/Materials/UIButtons/Undo_png.Undo_png]
[2020.04.17-21.20.53:210][804]OBJ SavePackage: Finished generating thumbnails for package [/Game/Materials/UIButtons/Undo_png]
[2020.04.17-21.20.53:239][804]LogSavePackage: Moving '../../../../../../Users/noahg/Downloads/Knights-20200324T145451Z-001/Knights/Saved/Undo_png_Auto178FA8B614710DFADC8787C95986C254A.tmp' to '../../../../../../Users/noahg/Downloads/Knights-20200324T145451Z-001/Knights/Saved/Autosaves/Game/Materials/UIButtons/Undo_png_Auto1.uasset'
[2020.04.17-21.20.53:242][804]OBJ SavePackage: Generating thumbnails for [1] asset(s) in package [/Game/Materials/UIButtons/Switch_FROM_Chess_TO_Shogi_Button] ([1] browsable assets)...
[2020.04.17-21.20.53:253][804]OBJ SavePackage:     Rendered thumbnail for [Texture2D /Game/Materials/UIButtons/Switch_FROM_Chess_TO_Shogi_Button.Switch_FROM_Chess_TO_Shogi_Button]
[2020.04.17-21.20.53:253][804]OBJ SavePackage: Finished generating thumbnails for package [/Game/Materials/UIButtons/Switch_FROM_Chess_TO_Shogi_Button]
[2020.04.17-21.20.53:292][804]LogSavePackage: Moving '../../../../../../Users/noahg/Downloads/Knights-20200324T145451Z-001/Knights/Saved/Switch_FROM_Chess_TO_Shogi_Butto7F0CE6F74177DE08C9E74084A492F062.tmp' to '../../../../../../Users/noahg/Downloads/Knights-20200324T145451Z-001/Knights/Saved/Autosaves/Game/Materials/UIButtons/Switch_FROM_Chess_TO_Shogi_Button_Auto1.uasset'
[2020.04.17-21.20.53:297][804]OBJ SavePackage: Generating thumbnails for [1] asset(s) in package [/Game/Materials/UIButtons/The_Pieces_Sprite] ([1] browsable assets)...
[2020.04.17-21.20.53:308][804]OBJ SavePackage:     Rendered thumbnail for [PaperSprite /Game/Materials/UIButtons/The_Pieces_Sprite.The_Pieces_Sprite]
[2020.04.17-21.20.53:308][804]OBJ SavePackage: Finished generating thumbnails for package [/Game/Materials/UIButtons/The_Pieces_Sprite]
[2020.04.17-21.20.53:339][804]LogSavePackage: Moving '../../../../../../Users/noahg/Downloads/Knights-20200324T145451Z-001/Knights/Saved/The_Pieces_Sprite_Auto1A143D78C497BA7AA89E505B082DD6FBD.tmp' to '../../../../../../Users/noahg/Downloads/Knights-20200324T145451Z-001/Knights/Saved/Autosaves/Game/Materials/UIButtons/The_Pieces_Sprite_Auto1.uasset'
[2020.04.17-21.20.53:342][804]LogFileHelpers: Auto-saving content packages took 0.266
[2020.04.17-21.25.13:687][819]LogUObjectHash: Compacting FUObjectHashTables data took   2.00ms
[2020.04.17-21.25.17:431][819]LogSlate: Window 'Delete Assets' being destroyed
[2020.04.17-21.25.21:729][ 66]LogUObjectHash: Compacting FUObjectHashTables data took   0.86ms
[2020.04.17-21.25.24:036][ 66]LogSlate: Window 'Delete Assets' being destroyed
[2020.04.17-21.25.24:175][ 66]LogUObjectHash: Compacting FUObjectHashTables data took   2.95ms
[2020.04.17-21.25.26:788][217]LogUObjectHash: Compacting FUObjectHashTables data took   0.88ms
[2020.04.17-21.25.27:938][217]LogSlate: Window 'Delete Assets' being destroyed
[2020.04.17-21.25.28:058][217]LogUObjectHash: Compacting FUObjectHashTables data took   2.52ms
[2020.04.17-21.25.33:813][265]LogFactory: FactoryCreateFile: Texture with ReimportTextureFactory (0 0 ../../../../../../Users/noahg/Downloads/The Pieces.png)
[2020.04.17-21.25.33:828][265]LogTexture: Display: Building textures: The_Pieces (AutoDXT, 1200X900)
[2020.04.17-21.25.33:932][265]LogFactory: FactoryCreateFile: Texture with ReimportTextureFactory (0 0 ../../../../../../Users/noahg/Downloads/Credits.png)
[2020.04.17-21.25.33:944][265]LogTexture: Display: Building textures: Credits (AutoDXT, 1200X900)
[2020.04.17-21.25.37:641][467]LogEditorViewport: Clicking on Actor (LMB): PaperSpriteActor (tringleupsidedownSprite_Sprite)
[2020.04.17-21.25.43:776][805]LogEditorViewport: Clicking Background
[2020.04.17-21.25.45:769][920]LogEditorViewport: Clicking on Actor (LMB): PaperSpriteActor (Knights_Title_Art_Concept__2__Sprite)
[2020.04.17-21.25.47:235][  2]LogEditorViewport: Clicking on Actor (LMB): PaperSpriteActor (tringleupsidedownSprite_Sprite)
[2020.04.17-21.25.51:070][219]LogEditorViewport: Clicking on Actor (LMB): PaperSpriteActor (Diamond_Sprite_Sprite)
[2020.04.17-21.25.54:324][396]LogEditorViewport: Clicking on Actor (LMB): PaperSpriteActor (Circle_Sprite_Sprite)
[2020.04.17-21.26.00:534][744]LogEditorViewport: Clicking on Actor (LMB): PaperSpriteActor (Diamond_Sprite_Sprite)
[2020.04.17-21.26.01:628][804]LogEditorViewport: Clicking on Actor (LMB): PaperSpriteActor (Knights_Title_Art_Concept__2__Sprite)
[2020.04.17-21.26.01:856][812]LogEditorViewport: Clicking on Component (LMB): PaperSpriteComponent (RenderComponent)
[2020.04.17-21.26.02:638][857]LogEditorViewport: Clicking on Actor (LMB): PaperSpriteActor (Diamond_Sprite_Sprite)
[2020.04.17-21.26.06:069][ 46]LogEditorViewport: Clicking on Actor (LMB): PaperSpriteActor (Knights_Title_Art_Concept__2__Sprite)
[2020.04.17-21.26.07:061][100]LogEditorViewport: Clicking Background
[2020.04.17-21.27.10:016][326]LogEditorViewport: Clicking Background
[2020.04.17-21.27.16:427][696]LogUObjectHash: Compacting FUObjectHashTables data took   2.49ms
[2020.04.17-21.27.17:960][696]LogSlate: Window 'Save Content' being destroyed
[2020.04.17-21.27.18:010][696]Cmd: OBJ SAVEPACKAGE PACKAGE="/Game/Materials/UIButtons/Credits" FILE="../../../../../../Users/noahg/Downloads/Knights-20200324T145451Z-001/Knights/Content/Materials/UIButtons/Credits.uasset" SILENT=true
[2020.04.17-21.27.18:077][696]LogSavePackage: Moving '../../../../../../Users/noahg/Downloads/Knights-20200324T145451Z-001/Knights/Saved/Credits55DF9CD34692C3B89DE140B9B43635EF.tmp' to '../../../../../../Users/noahg/Downloads/Knights-20200324T145451Z-001/Knights/Content/Materials/UIButtons/Credits.uasset'
[2020.04.17-21.27.18:115][696]LogSavePackage: Moving '../../../../../../Users/noahg/Downloads/Knights-20200324T145451Z-001/Knights/Saved/Credits_SpriteA3806B184197755E731DFA978BD375F6.tmp' to '../../../../../../Users/noahg/Downloads/Knights-20200324T145451Z-001/Knights/Content/Materials/UIButtons/Credits_Sprite.uasset'
[2020.04.17-21.27.18:200][696]LogSavePackage: Moving '../../../../../../Users/noahg/Downloads/Knights-20200324T145451Z-001/Knights/Saved/Switch_FROM_Chess_TO_Shogi_ButtoFBB963BC470290D391F05A8C80C55F84.tmp' to '../../../../../../Users/noahg/Downloads/Knights-20200324T145451Z-001/Knights/Content/Materials/UIButtons/Switch_FROM_Chess_TO_Shogi_Button.uasset'
[2020.04.17-21.27.18:298][696]LogSavePackage: Moving '../../../../../../Users/noahg/Downloads/Knights-20200324T145451Z-001/Knights/Saved/The_Pieces42FF222D4852242F5FF5DBA596167B17.tmp' to '../../../../../../Users/noahg/Downloads/Knights-20200324T145451Z-001/Knights/Content/Materials/UIButtons/The_Pieces.uasset'
[2020.04.17-21.27.18:326][696]LogSavePackage: Moving '../../../../../../Users/noahg/Downloads/Knights-20200324T145451Z-001/Knights/Saved/The_Pieces_Sprite756E04104389F6BDAE4A56934CB72F00.tmp' to '../../../../../../Users/noahg/Downloads/Knights-20200324T145451Z-001/Knights/Content/Materials/UIButtons/The_Pieces_Sprite.uasset'
[2020.04.17-21.27.18:358][696]LogUObjectHash: Compacting FUObjectHashTables data took   1.62ms
[2020.04.17-21.27.18:386][696]LogSavePackage: Moving '../../../../../../Users/noahg/Downloads/Knights-20200324T145451Z-001/Knights/Saved/TitleScreenD4B1748E47AFF5769ABB92BF1165806D.tmp' to '../../../../../../Users/noahg/Downloads/Knights-20200324T145451Z-001/Knights/Content/PuzzleBP/Maps/TitleScreen.umap'
[2020.04.17-21.27.18:436][696]LogFileHelpers: Saving map 'TitleScreen' took 0.106
[2020.04.17-21.27.18:478][696]AssetCheck: New page: Asset Save: multiple assets
[2020.04.17-21.27.18:478][696]LogContentValidation: Display: Validating Texture2D /Game/Materials/UIButtons/Credits.Credits
[2020.04.17-21.27.18:478][696]LogContentValidation: Display: Validating PaperSprite /Game/Materials/UIButtons/Credits_Sprite.Credits_Sprite
[2020.04.17-21.27.18:478][696]LogContentValidation: Display: Validating Texture2D /Game/Materials/UIButtons/Switch_FROM_Chess_TO_Shogi_Button.Switch_FROM_Chess_TO_Shogi_Button
[2020.04.17-21.27.18:478][696]LogContentValidation: Display: Validating Texture2D /Game/Materials/UIButtons/The_Pieces.The_Pieces
[2020.04.17-21.27.18:478][696]LogContentValidation: Display: Validating PaperSprite /Game/Materials/UIButtons/The_Pieces_Sprite.The_Pieces_Sprite
[2020.04.17-21.27.18:479][696]LogContentValidation: Display: Validating World /Game/PuzzleBP/Maps/TitleScreen.TitleScreen
[2020.04.17-21.27.19:932][781]LogEditorViewport: Clicking on Actor (LMB): PaperSpriteActor (The_Pieces_Sprite)
[2020.04.17-21.27.26:294][130]LogEditorViewport: Clicking Background
[2020.04.17-21.27.29:191][289]LogUObjectHash: Compacting FUObjectHashTables data took   0.86ms
[2020.04.17-21.27.31:013][289]LogSlate: Window 'Save Content' being destroyed
[2020.04.17-21.27.31:084][289]LogUObjectHash: Compacting FUObjectHashTables data took   0.81ms
[2020.04.17-21.27.31:110][289]LogSavePackage: Moving '../../../../../../Users/noahg/Downloads/Knights-20200324T145451Z-001/Knights/Saved/TitleScreen9DB03B8642285BDF499C28B8B5777C1F.tmp' to '../../../../../../Users/noahg/Downloads/Knights-20200324T145451Z-001/Knights/Content/PuzzleBP/Maps/TitleScreen.umap'
[2020.04.17-21.27.31:148][289]LogFileHelpers: Saving map 'TitleScreen' took 0.098
[2020.04.17-21.27.31:161][289]AssetCheck: New page: Asset Save: TitleScreen
[2020.04.17-21.27.31:162][289]LogContentValidation: Display: Validating World /Game/PuzzleBP/Maps/TitleScreen.TitleScreen
[2020.04.17-21.31.08:221][994]LogFactory: FactoryCreateFile: Texture with ReimportTextureFactory (0 0 ../../../../../../Users/noahg/Downloads/Return to Menu.png)
[2020.04.17-21.31.08:236][994]LogTexture: Display: Building textures: Return_to_Menu (AutoDXT, 1200X900)
